
WEC-Sim Input From Standard wecSimInputFile.m Of Case Directory... 
WEC-Sim: An open-source code for simulating wave energy converters
Version: 6.1

Initializing the Simulation Class...
	Case Dir: C:\Users\thogan1\Documents\GitHub\OceanEngineeringToolbox\OSWEC 
Elapsed time is 0.795239 seconds.

WEC-Sim Pre-processing ...   
Elapsed time is 0.193571 seconds.

WEC-Sim Simulation Settings:
	Start Time                     (sec) = 0
	End Time                       (sec) = 400
	Time Step Size                 (sec) = 0.1
	Ramp Function Time             (sec) = 100
	Convolution Integral Interval  (sec) = 30
	 Number of Time Steps     = 4000 

Wave Environment: 
	Wave Type                           = Waves with imported wave elevation time-history
	Wave Elevation Time-Series File    	= elevationData.mat  

List of Body: Number of Bodies = 2 

	***** Body Number 1, Name: flap *****
	Body CG                          (m) = [0,0,-3.9]
	Body Mass                       (kg) = 127000 
	Body Moments of Inertia       (kgm2) = [1.85E+06,1.85E+06,1.85E+06]
	Body Products of Inertia      (kgm2) = [0,0,0]

	***** Body Number 2, Name: base *****
	Body CG                          (m) = [0,0,-10.9]
	Body Mass                       (kg) = 999 
	Body Moments of Inertia       (kgm2) = [999,999,999]
	Body Products of Inertia      (kgm2) = [0,0,0]

List of PTO(s): Number of PTOs = 1 

	***** PTO Name: PTO1 *****
	PTO Stiffness           (N/m;Nm/rad) = 0
	PTO Damping           (Ns/m;Nsm/rad) = 0

List of Constraint(s): Number of Constraints = 1 

	***** Constraint Name: Constraint1 *****


Simulating the WEC device defined in the SimMechanics model C:\Users\thogan1\Documents\GitHub\OceanEngineeringToolbox\OSWEC\OSWEC.slx...   
Elapsed time is 0.358843 seconds.
Elapsed time is 5.915237 seconds.

Post-processing and saving...   
Elapsed time is 0.623190 seconds.
